<?xml version="1.0" encoding="UTF-8"?>
<!-- Generated by org.testng.reporters.JUnitReportReporter -->
<testsuite hostname="ANDREA-PC" name="Automation.Test_Selenium_PSL" tests="1" failures="0" timestamp="25 Sep 2016 14:21:41 GMT" time="14.982" errors="0">
  <testcase name="app_LinkedIn" time="14.982" classname="Automation.Test_Selenium_PSL"/>
</testsuite> <!-- Automation.Test_Selenium_PSL -->
